<?xml version="1.0" encoding="UTF-8" ?>
<testsuite tests="19" failures="2" name="ZippoTest" time="11.58" errors="0" skipped="0">
  <properties>
[...]
</properties>
  <testcase classname="ZippoTest" name="bodyArrayHasSize" time="2.921"/>
  <testcase classname="ZippoTest" name="checkCountryResponseBody" time="0.347"/>
  <testcase classname="ZippoTest" name="checkHasItemy" time="0.296"/>
  <testcase classname="ZippoTest" name="checkStateResponseBody" time="0.254"/>
  <testcase classname="ZippoTest" name="contentTypeTest" time="0.297"/>
  <testcase classname="ZippoTest" name="extractJsonAll_POJO" time="0.674"/>
  <testcase classname="ZippoTest" name="extractPOJO_soru" time="0.36"/>
  <testcase classname="ZippoTest" name="extractingJsonPResponseAll" time="1.369">
    <failure message="expected [true] but found [false]" type="java.lang.AssertionError">java.lang.AssertionError: expected [true] but found [false]
	at org.testng.Assert.fail(Assert.java:99)
	at org.testng.Assert.failNotEquals(Assert.java:1037)
	at org.testng.Assert.assertTrue(Assert.java:45)
	at org.testng.Assert.assertTrue(Assert.java:55)
	at ZippoTest.extractingJsonPResponseAll(ZippoTest.java:394)
</failure>
    <system-out>idler = [1374026, 1374025, 1374024, 1374023, 1374022, 1374021, 1374020, 1374019, 1374018, 1374017]
names = [Dhanesh Deshpande, Sukanya Panicker III, Deeptimoyee Varrier, Javas Nayar, Aayushman Mukhopadhyay, Miss Jahnu Khatri, Vidhur Iyengar, Shreya Mukhopadhyay, Chakravarti Rana, Jaimini Prajapat LLD]
limit = 10
</system-out>
  </testcase>
  <testcase classname="ZippoTest" name="extractingJsonPath" time="0.322"/>
  <testcase classname="ZippoTest" name="extractingJsonPath2" time="0.259"/>
  <testcase classname="ZippoTest" name="extractingJsonPath3" time="0.509"/>
  <testcase classname="ZippoTest" name="extractingJsonPath4" time="0.43"/>
  <testcase classname="ZippoTest" name="extractingJsonPath5" time="0.476"/>
  <testcase classname="ZippoTest" name="pathParamTest" time="0.346"/>
  <testcase classname="ZippoTest" name="querryParamTest" time="0.759"/>
  <testcase classname="ZippoTest" name="querryParamTest2" time="0.867">
    <failure message="1 expectation failed.
JSON path meta.pagination.page doesn&apos;t match.
Expected: &lt;0&gt;
  Actual: &lt;3&gt;
" type="java.lang.AssertionError">java.lang.AssertionError: 1 expectation failed.
JSON path meta.pagination.page doesn&apos;t match.
Expected: &lt;0&gt;
  Actual: &lt;3&gt;

	at sun.reflect.NativeConstructorAccessorImpl.newInstance0(Native Method)
	at sun.reflect.NativeConstructorAccessorImpl.newInstance(NativeConstructorAccessorImpl.java:62)
	at sun.reflect.DelegatingConstructorAccessorImpl.newInstance(DelegatingConstructorAccessorImpl.java:45)
	at java.lang.reflect.Constructor.newInstance(Constructor.java:423)
	at org.codehaus.groovy.reflection.CachedConstructor.invoke(CachedConstructor.java:73)
	at org.codehaus.groovy.reflection.CachedConstructor.doConstructorInvoke(CachedConstructor.java:60)
	at org.codehaus.groovy.runtime.callsite.ConstructorSite$ConstructorSiteNoUnwrap.callConstructor(ConstructorSite.java:86)
	at org.codehaus.groovy.runtime.callsite.CallSiteArray.defaultCallConstructor(CallSiteArray.java:58)
	at org.codehaus.groovy.runtime.callsite.AbstractCallSite.callConstructor(AbstractCallSite.java:263)
	at org.codehaus.groovy.runtime.callsite.AbstractCallSite.callConstructor(AbstractCallSite.java:277)
	at io.restassured.internal.ResponseSpecificationImpl$HamcrestAssertionClosure.validate(ResponseSpecificationImpl.groovy:512)
	at io.restassured.internal.ResponseSpecificationImpl$HamcrestAssertionClosure$validate$1.call(Unknown Source)
	at io.restassured.internal.ResponseSpecificationImpl.validateResponseIfRequired(ResponseSpecificationImpl.groovy:696)
	at io.restassured.internal.ResponseSpecificationImpl.this$2$validateResponseIfRequired(ResponseSpecificationImpl.groovy)
	at sun.reflect.GeneratedMethodAccessor58.invoke(Unknown Source)
	at sun.reflect.DelegatingMethodAccessorImpl.invoke(DelegatingMethodAccessorImpl.java:43)
	at java.lang.reflect.Method.invoke(Method.java:498)
	at org.codehaus.groovy.runtime.callsite.PlainObjectMetaMethodSite.doInvoke(PlainObjectMetaMethodSite.java:43)
	at org.codehaus.groovy.runtime.callsite.PogoMetaMethodSite$PogoCachedMethodSiteNoUnwrapNoCoerce.invoke(PogoMetaMethodSite.java:198)
	at org.codehaus.groovy.runtime.callsite.PogoMetaMethodSite.callCurrent(PogoMetaMethodSite.java:62)
	at org.codehaus.groovy.runtime.callsite.AbstractCallSite.callCurrent(AbstractCallSite.java:185)
	at io.restassured.internal.ResponseSpecificationImpl.body(ResponseSpecificationImpl.groovy:270)
	at io.restassured.specification.ResponseSpecification$body$1.callCurrent(Unknown Source)
	at io.restassured.internal.ResponseSpecificationImpl.body(ResponseSpecificationImpl.groovy:117)
	at io.restassured.internal.ValidatableResponseOptionsImpl.body(ValidatableResponseOptionsImpl.java:244)
	at ZippoTest.querryParamTest2(ZippoTest.java:236)
</failure>
    <system-out>Request URI:	https://gorest.co.in/public/v1/users?page=0
</system-out>
  </testcase>
  <testcase classname="ZippoTest" name="statusCodeTest" time="0.291"/>
  <testcase classname="ZippoTest" name="test" time="0"/>
  <testcase classname="ZippoTest" name="test1" time="0.803"/>
</testsuite>