<?xml version="1.0" encoding="UTF-8"?>
<testsuite xmlns:xsi="http://www.w3.org/2001/XMLSchema-instance" xsi:noNamespaceSchemaLocation="https://maven.apache.org/surefire/maven-surefire-plugin/xsd/surefire-test-report.xsd" name="TestSuite" time="8.196" tests="5" errors="0" skipped="0" failures="1">
  <properties>
[...]
</properties>
  <testcase name="createCountry" classname="Campus.CountryTest" time="1.815"/>
  <testcase name="createCountryNegative" classname="Campus.CountryTest" time="0.457"/>
  <testcase name="updateCountry" classname="Campus.CountryTest" time="0.437"/>
  <testcase name="deleteCountry" classname="Campus.CountryTest" time="0.688"/>
  <testcase name="deleteCountryNegative" classname="Campus.CountryTest" time="0.385">
    <failure message="1 expectation failed.&#10;Expected status code &lt;500&gt; but was &lt;400&gt;.&#10;" type="java.lang.AssertionError"><![CDATA[java.lang.AssertionError: 
1 expectation failed.
Expected status code <500> but was <400>.

	at Campus.CountryTest.deleteCountryNegative(CountryTest.java:160)
]]></failure>
    <system-out><![CDATA[Request URI:	https://test.mersys.io/school-service/api/countries/6452d6ab5d3e2609ca81cdcd
{
    "type": "https://support.mersys.io/cloud/problem/problem-with-message",
    "status": 400,
    "path": "/api/countries/6452d6ab5d3e2609ca81cdcd",
    "code": null,
    "message": "Country not found",
    "lang": null,
    "uri": null
}
]]></system-out>
  </testcase>
</testsuite>